[    0.000000] Initializing cgroup subsys cpuset
[    0.000000] Initializing cgroup subsys cpu
[    0.000000] Initializing cgroup subsys cpuacct
[    0.000000] Linux version 4.4.0-83-generic (buildd@lgw01-29) (gcc version 5.4.0 20160609 (Ubuntu 5.4.0-6ubuntu1~16.04.4) ) #106-Ubuntu SMP Mon Jun 26 17:54:43 UTC 2017 (Ubuntu 4.4.0-83.106-generic 4.4.70)
[    0.000000] Command line: BOOT_IMAGE=/boot/vmlinuz-4.4.0-83-generic root=UUID=c8d077d2-1668-4aa7-8caf-61e2e04982e2 ro console=tty1 console=ttyS0
[    0.000000] KERNEL supported cpus:
[    0.000000]   Intel GenuineIntel
[    0.000000]   AMD AuthenticAMD
[    0.000000]   Centaur CentaurHauls
[    0.000000] x86/fpu: xstate_offset[2]:  576, xstate_sizes[2]:  256
[    0.000000] x86/fpu: Supporting XSAVE feature 0x01: 'x87 floating point registers'
[    0.000000] x86/fpu: Supporting XSAVE feature 0x02: 'SSE registers'
[    0.000000] x86/fpu: Supporting XSAVE feature 0x04: 'AVX registers'
[    0.000000] x86/fpu: Enabled xstate features 0x7, context size is 832 bytes, using 'standard' format.
[    0.000000] x86/fpu: Using 'lazy' FPU context switches.
[    0.000000] e820: BIOS-provided physical RAM map:
[    0.000000] BIOS-e820: [mem 0x0000000000000000-0x000000000009fbff] usable
[    0.000000] BIOS-e820: [mem 0x000000000009fc00-0x000000000009ffff] reserved
[    0.000000] BIOS-e820: [mem 0x00000000000f0000-0x00000000000fffff] reserved
[    0.000000] BIOS-e820: [mem 0x0000000000100000-0x000000003ffeffff] usable
[    0.000000] BIOS-e820: [mem 0x000000003fff0000-0x000000003fffffff] ACPI data
[    0.000000] BIOS-e820: [mem 0x00000000fec00000-0x00000000fec00fff] reserved
[    0.000000] BIOS-e820: [mem 0x00000000fee00000-0x00000000fee00fff] reserved
[    0.000000] BIOS-e820: [mem 0x00000000fffc0000-0x00000000ffffffff] reserved
[    0.000000] NX (Execute Disable) protection: active
[    0.000000] SMBIOS 2.5 present.
[    0.000000] Hypervisor detected: KVM
[    0.000000] e820: last_pfn = 0x3fff0 max_arch_pfn = 0x400000000
[    0.000000] MTRR: Disabled
[    0.000000] x86/PAT: MTRRs disabled, skipping PAT initialization too.
[    0.000000] x86/PAT: Configuration [0-7]: WB  WT  UC- UC  WB  WT  UC- UC  
[    0.000000] CPU MTRRs all blank - virtualized system.
[    0.000000] found SMP MP-table at [mem 0x0009fff0-0x0009ffff] mapped at [ffff88000009fff0]
[    0.000000] Scanning 1 areas for low memory corruption
[    0.000000] RAMDISK: [mem 0x3623a000-0x37114fff]
[    0.000000] ACPI: Early table checksum verification disabled
[    0.000000] ACPI: RSDP 0x00000000000E0000 000024 (v02 VBOX  )
[    0.000000] ACPI: XSDT 0x000000003FFF0030 00003C (v01 VBOX   VBOXXSDT 00000001 ASL  00000061)
[    0.000000] ACPI: FACP 0x000000003FFF00F0 0000F4 (v04 VBOX   VBOXFACP 00000001 ASL  00000061)
[    0.000000] ACPI: DSDT 0x000000003FFF0470 0021C8 (v02 VBOX   VBOXBIOS 00000002 INTL 20100528)
[    0.000000] ACPI: FACS 0x000000003FFF0200 000040
[    0.000000] ACPI: FACS 0x000000003FFF0200 000040
[    0.000000] ACPI: APIC 0x000000003FFF0240 00005C (v02 VBOX   VBOXAPIC 00000001 ASL  00000061)
[    0.000000] ACPI: SSDT 0x000000003FFF02A0 0001CC (v01 VBOX   VBOXCPUT 00000002 INTL 20100528)
[    0.000000] No NUMA configuration found
[    0.000000] Faking a node at [mem 0x0000000000000000-0x000000003ffeffff]
[    0.000000] NODE_DATA(0) allocated [mem 0x3ffeb000-0x3ffeffff]
[    0.000000] kvm-clock: Using msrs 4b564d01 and 4b564d00
[    0.000000] kvm-clock: cpu 0, msr 0:3ffe3001, primary cpu clock
[    0.000000] kvm-clock: using sched offset of 3405903550 cycles
[    0.000000] clocksource: kvm-clock: mask: 0xffffffffffffffff max_cycles: 0x1cd42e4dffb, max_idle_ns: 881590591483 ns
[    0.000000] Zone ranges:
[    0.000000]   DMA      [mem 0x0000000000001000-0x0000000000ffffff]
[    0.000000]   DMA32    [mem 0x0000000001000000-0x000000003ffeffff]
[    0.000000]   Normal   empty
[    0.000000]   Device   empty
[    0.000000] Movable zone start for each node
[    0.000000] Early memory node ranges
[    0.000000]   node   0: [mem 0x0000000000001000-0x000000000009efff]
[    0.000000]   node   0: [mem 0x0000000000100000-0x000000003ffeffff]
[    0.000000] Initmem setup node 0 [mem 0x0000000000001000-0x000000003ffeffff]
[    0.000000] ACPI: PM-Timer IO Port: 0x4008
[    0.000000] IOAPIC[0]: apic_id 2, version 32, address 0xfec00000, GSI 0-23
[    0.000000] ACPI: INT_SRC_OVR (bus 0 bus_irq 0 global_irq 2 dfl dfl)
[    0.000000] ACPI: INT_SRC_OVR (bus 0 bus_irq 9 global_irq 9 high level)
[    0.000000] Using ACPI (MADT) for SMP configuration information
[    0.000000] smpboot: Allowing 2 CPUs, 0 hotplug CPUs
[    0.000000] PM: Registered nosave memory: [mem 0x00000000-0x00000fff]
[    0.000000] PM: Registered nosave memory: [mem 0x0009f000-0x0009ffff]
[    0.000000] PM: Registered nosave memory: [mem 0x000a0000-0x000effff]
[    0.000000] PM: Registered nosave memory: [mem 0x000f0000-0x000fffff]
[    0.000000] e820: [mem 0x40000000-0xfebfffff] available for PCI devices
[    0.000000] Booting paravirtualized kernel on KVM
[    0.000000] clocksource: refined-jiffies: mask: 0xffffffff max_cycles: 0xffffffff, max_idle_ns: 7645519600211568 ns
[    0.000000] setup_percpu: NR_CPUS:512 nr_cpumask_bits:512 nr_cpu_ids:2 nr_node_ids:1
[    0.000000] PERCPU: Embedded 33 pages/cpu @ffff88003fc00000 s98264 r8192 d28712 u1048576
[    0.000000] PV qspinlock hash table entries: 256 (order: 0, 4096 bytes)
[    0.000000] Built 1 zonelists in Node order, mobility grouping on.  Total pages: 257913
[    0.000000] Policy zone: DMA32
[    0.000000] Kernel command line: BOOT_IMAGE=/boot/vmlinuz-4.4.0-83-generic root=UUID=c8d077d2-1668-4aa7-8caf-61e2e04982e2 ro console=tty1 console=ttyS0
[    0.000000] PID hash table entries: 4096 (order: 3, 32768 bytes)
[    0.000000] Memory: 997364K/1048120K available (8469K kernel code, 1294K rwdata, 3984K rodata, 1488K init, 1316K bss, 50756K reserved, 0K cma-reserved)
[    0.000000] SLUB: HWalign=64, Order=0-3, MinObjects=0, CPUs=2, Nodes=1
[    0.000000] Hierarchical RCU implementation.
[    0.000000] 	Build-time adjustment of leaf fanout to 64.
[    0.000000] 	RCU restricting CPUs from NR_CPUS=512 to nr_cpu_ids=2.
[    0.000000] RCU: Adjusting geometry for rcu_fanout_leaf=64, nr_cpu_ids=2
[    0.000000] NR_IRQS:33024 nr_irqs:440 16
[    0.000000] Console: colour VGA+ 80x25
[    0.000000] console [tty1] enabled
[    0.000000] console [ttyS0] enabled
[    0.000000] tsc: Detected 2900.000 MHz processor
[    4.490868] Calibrating delay loop (skipped) preset value.. 5800.00 BogoMIPS (lpj=11600000)
[    4.523688] pid_max: default: 32768 minimum: 301
[    4.571129] ACPI: Core revision 20150930
[    4.604823] ACPI: 2 ACPI AML tables successfully acquired and loaded
[    4.653401] Security Framework initialized
[    4.688728] Yama: becoming mindful.
[    4.734942] AppArmor: AppArmor initialized
[    4.766384] Dentry cache hash table entries: 131072 (order: 8, 1048576 bytes)
[    4.831477] Inode-cache hash table entries: 65536 (order: 7, 524288 bytes)
[    4.933777] Mount-cache hash table entries: 2048 (order: 2, 16384 bytes)
[    4.966953] Mountpoint-cache hash table entries: 2048 (order: 2, 16384 bytes)
[    5.018655] Initializing cgroup subsys io
[    5.065611] Initializing cgroup subsys memory
[    5.120306] Initializing cgroup subsys devices
[    5.137140] Initializing cgroup subsys freezer
[    5.167491] Initializing cgroup subsys net_cls
[    5.236941] Initializing cgroup subsys perf_event
[    5.275271] Initializing cgroup subsys net_prio
[    5.293146] Initializing cgroup subsys hugetlb
[    5.307612] Initializing cgroup subsys pids
[    5.368284] CPU: Physical Processor ID: 0
[    5.420005] CPU: Processor Core ID: 0
[    5.441630] mce: CPU supports 0 MCE banks
[    5.490865] Last level iTLB entries: 4KB 64, 2MB 8, 4MB 8
[    5.558411] Last level dTLB entries: 4KB 64, 2MB 0, 4MB 0, 1GB 4
[    5.641461] Freeing SMP alternatives memory: 32K (ffffffff820b9000 - ffffffff820c1000)
[    5.725434] ftrace: allocating 32129 entries in 126 pages
[    5.826136] smpboot: APIC(0) Converting physical 0 to logical package 0
[    5.928466] smpboot: Max logical packages: 1
[    5.965059] x2apic enabled
[    5.968175] Switched APIC routing to physical x2apic.
[    6.016353] ..TIMER: vector=0x30 apic1=0 pin1=2 apic2=-1 pin2=-1
[    6.142959] smpboot: CPU0: Intel(R) Core(TM) i5-5287U CPU @ 2.90GHz (family: 0x6, model: 0x3d, stepping: 0x4)
[    6.237871] Performance Events: unsupported p6 CPU model 61 no PMU driver, software events only.
[    6.347588] KVM setup paravirtual spinlock
[    6.405896] x86: Booting SMP configuration:
[    6.447468] .... node  #0, CPUs:      #1
[    6.487933] kvm-clock: cpu 1, msr 0:3ffe3041, secondary cpu clock
[    6.508090] mce: CPU supports 0 MCE banks
[    6.535640] x86: Booted up 1 node, 2 CPUs
[    6.553955] smpboot: Total of 2 processors activated (11600.00 BogoMIPS)
[    6.580346] devtmpfs: initialized
[    6.601315] evm: security.selinux
[    6.633064] evm: security.SMACK64
[    6.651486] evm: security.SMACK64EXEC
[    6.704455] evm: security.SMACK64TRANSMUTE
[    6.731588] evm: security.SMACK64MMAP
[    6.732423] evm: security.ima
[    6.766032] evm: security.capability
[    6.792725] clocksource: jiffies: mask: 0xffffffff max_cycles: 0xffffffff, max_idle_ns: 7645041785100000 ns
[    6.878105] futex hash table entries: 512 (order: 3, 32768 bytes)
[    6.947482] pinctrl core: initialized pinctrl subsystem
[    7.011636] RTC time: 20:05:30, date: 07/03/17
[    7.045782] NET: Registered protocol family 16
[    7.091589] cpuidle: using governor ladder
[    7.147141] cpuidle: using governor menu
[    7.179762] PCCT header not found.
[    7.231277] ACPI: bus type PCI registered
[    7.273828] acpiphp: ACPI Hot Plug PCI Controller Driver version: 0.5
[    7.335944] PCI: Using configuration type 1 for base access
[    7.416569] ACPI: Added _OSI(Module Device)
[    7.462714] ACPI: Added _OSI(Processor Device)
[    7.515983] ACPI: Added _OSI(3.0 _SCP Extensions)
[    7.560419] ACPI: Added _OSI(Processor Aggregator Device)
[    7.625052] ACPI: Executed 1 blocks of module-level executable AML code
[    7.690816] ACPI: Interpreter enabled
[    7.733573] ACPI: (supports S0 S5)
[    7.764780] ACPI: Using IOAPIC for interrupt routing
[    7.800962] PCI: Using host bridge windows from ACPI; if necessary, use "pci=nocrs" and report a bug
[    7.841950] ACPI: PCI Root Bridge [PCI0] (domain 0000 [bus 00-ff])
[    7.928224] acpi PNP0A03:00: _OSC: OS supports [ASPM ClockPM Segments MSI]
[    8.004299] acpi PNP0A03:00: _OSC failed (AE_NOT_FOUND); disabling ASPM
[    8.091529] acpi PNP0A03:00: fail to add MMCONFIG information, can't access extended PCI configuration space under this bridge.
[    8.166691] PCI host bridge to bus 0000:00
[    8.207220] pci_bus 0000:00: root bus resource [io  0x0000-0x0cf7 window]
[    8.289079] pci_bus 0000:00: root bus resource [io  0x0d00-0xffff window]
[    8.302923] pci_bus 0000:00: root bus resource [mem 0x000a0000-0x000bffff window]
[    8.369911] pci_bus 0000:00: root bus resource [mem 0x40000000-0xffdfffff window]
[    8.453556] pci_bus 0000:00: root bus resource [bus 00-ff]
[    8.485297] pci 0000:00:01.1: legacy IDE quirk: reg 0x10: [io  0x01f0-0x01f7]
[    8.515830] pci 0000:00:01.1: legacy IDE quirk: reg 0x14: [io  0x03f6]
[    8.550944] pci 0000:00:01.1: legacy IDE quirk: reg 0x18: [io  0x0170-0x0177]
[    8.557408] pci 0000:00:01.1: legacy IDE quirk: reg 0x1c: [io  0x0376]
[    8.626483] pci 0000:00:07.0: quirk: [io  0x4000-0x403f] claimed by PIIX4 ACPI
[    8.691550] pci 0000:00:07.0: quirk: [io  0x4100-0x410f] claimed by PIIX4 SMB
[    8.734225] ACPI: PCI Interrupt Link [LNKA] (IRQs 5 9 10 *11)
[    8.803939] ACPI: PCI Interrupt Link [LNKB] (IRQs 5 9 10 *11)
[    8.851263] ACPI: PCI Interrupt Link [LNKC] (IRQs 5 9 *10 11)
[    8.898844] ACPI: PCI Interrupt Link [LNKD] (IRQs 5 *9 10 11)
[    8.954208] ACPI: Enabled 2 GPEs in block 00 to 07
[    8.989003] vgaarb: setting as boot device: PCI:0000:00:02.0
[    9.017701] vgaarb: device added: PCI:0000:00:02.0,decodes=io+mem,owns=io+mem,locks=none
[    9.068547] vgaarb: loaded
[    9.098210] vgaarb: bridge control possible 0000:00:02.0
[    9.114896] SCSI subsystem initialized
[    9.117168] ACPI: bus type USB registered
[    9.121467] usbcore: registered new interface driver usbfs
[    9.129391] usbcore: registered new interface driver hub
[    9.155866] usbcore: registered new device driver usb
[    9.162862] PCI: Using ACPI for IRQ routing
[    9.179175] NetLabel: Initializing
[    9.195911] NetLabel:  domain hash size = 128
[    9.198151] NetLabel:  protocols = UNLABELED CIPSOv4
[    9.232238] NetLabel:  unlabeled traffic allowed by default
[    9.240344] amd_nb: Cannot enumerate AMD northbridges
[    9.295833] clocksource: Switched to clocksource kvm-clock
[    9.324102] AppArmor: AppArmor Filesystem Enabled
[    9.330837] pnp: PnP ACPI init
[    9.332441] pnp: PnP ACPI: found 3 devices
[    9.343896] clocksource: acpi_pm: mask: 0xffffff max_cycles: 0xffffff, max_idle_ns: 2085701024 ns
[    9.349974] NET: Registered protocol family 2
[    9.351135] TCP established hash table entries: 8192 (order: 4, 65536 bytes)
[    9.378336] TCP bind hash table entries: 8192 (order: 5, 131072 bytes)
[    9.510384] TCP: Hash tables configured (established 8192 bind 8192)
[    9.527513] UDP hash table entries: 512 (order: 2, 16384 bytes)
[    9.534412] UDP-Lite hash table entries: 512 (order: 2, 16384 bytes)
[    9.536018] NET: Registered protocol family 1
[    9.609025] pci 0000:00:00.0: Limiting direct PCI/PCI transfers
[    9.665527] pci 0000:00:01.0: Activating ISA DMA hang workarounds
[    9.669482] Unpacking initramfs...
[    9.980376] Freeing initrd memory: 15212K (ffff88003623a000 - ffff880037115000)
[   10.045435] RAPL PMU detected, API unit is 2^-32 Joules, 4 fixed counters 10737418240 ms ovfl timer
[   10.178670] hw unit of domain pp0-core 2^-0 Joules
[   10.206465] hw unit of domain package 2^-0 Joules
[   10.220214] hw unit of domain dram 2^-0 Joules
[   10.227368] hw unit of domain pp1-gpu 2^-0 Joules
[   10.246502] platform rtc_cmos: registered platform RTC device (no PNP device found)
[   10.248365] Scanning for low memory corruption every 60 seconds
[   10.265505] audit: initializing netlink subsys (disabled)
[   10.269635] audit: type=2000 audit(1499112330.167:1): initialized
[   10.321387] Initialise system trusted keyring
[   10.333253] HugeTLB registered 2 MB page size, pre-allocated 0 pages
[   10.371765] zbud: loaded
[   10.375278] VFS: Disk quotas dquot_6.6.0
[   10.377562] VFS: Dquot-cache hash table entries: 512 (order 0, 4096 bytes)
[   10.385902] squashfs: version 4.0 (2009/01/31) Phillip Lougher
[   10.429152] fuse init (API version 7.23)
[   10.438028] Key type big_key registered
[   10.464754] Allocating IMA MOK and blacklist keyrings.
[   10.473323] Key type asymmetric registered
[   10.492874] Asymmetric key parser 'x509' registered
[   10.519329] Block layer SCSI generic (bsg) driver version 0.4 loaded (major 249)
[   10.561445] io scheduler noop registered
[   10.570107] io scheduler deadline registered (default)
[   10.587941] io scheduler cfq registered
[   10.612364] pci_hotplug: PCI Hot Plug PCI Core version: 0.5
[   10.673200] pciehp: PCI Express Hot Plug Controller Driver version: 0.4
[   10.693208] ACPI: AC Adapter [AC] (on-line)
[   10.706268] input: Power Button as /devices/LNXSYSTM:00/LNXPWRBN:00/input/input0
[   10.797057] ACPI: Power Button [PWRF]
[   10.834418] input: Sleep Button as /devices/LNXSYSTM:00/LNXSLPBN:00/input/input1
[   10.942542] ACPI: Sleep Button [SLPF]
[   10.969538] GHES: HEST is not enabled!
[   10.970455] ACPI: Battery Slot [BAT0] (battery present)
[   11.015889] Serial: 8250/16550 driver, 32 ports, IRQ sharing enabled
[   11.176942] 00:02: ttyS0 at I/O 0x3f8 (irq = 4, base_baud = 115200) is a 16550A
[   11.244027] tsc: Refined TSC clocksource calibration: 2898.648 MHz
[   11.244029] clocksource: tsc: mask: 0xffffffffffffffff max_cycles: 0x29c8463bf1e, max_idle_ns: 440795348597 ns
[   11.481473] Linux agpgart interface v0.103
[   11.509621] loop: module loaded
[   11.531249] scsi host0: ata_piix
[   11.545471] scsi host1: ata_piix
[   11.592270] ata1: PATA max UDMA/33 cmd 0x1f0 ctl 0x3f6 bmdma 0xd000 irq 14
[   11.625030] ata2: PATA max UDMA/33 cmd 0x170 ctl 0x376 bmdma 0xd008 irq 15
[   11.671532] libphy: Fixed MDIO Bus: probed
[   11.692962] tun: Universal TUN/TAP device driver, 1.6
[   11.770075] tun: (C) 1999-2004 Max Krasnyansky <maxk@qualcomm.com>
[   11.811559] PPP generic driver version 2.4.2
[   11.886244] ehci_hcd: USB 2.0 'Enhanced' Host Controller (EHCI) Driver
[   11.927051] ehci-pci: EHCI PCI platform driver
[   11.967129] ehci-platform: EHCI generic platform driver
[   12.026233] ohci_hcd: USB 1.1 'Open' Host Controller (OHCI) Driver
[   12.065174] ohci-pci: OHCI PCI platform driver
[   12.113451] ohci-platform: OHCI generic platform driver
[   12.236075] uhci_hcd: USB Universal Host Controller Interface driver
[   12.290355] i8042: PNP: PS/2 Controller [PNP0303:PS2K,PNP0f03:PS2M] at 0x60,0x64 irq 1,12
[   12.319427] serio: i8042 KBD port at 0x60,0x64 irq 1
[   12.370750] serio: i8042 AUX port at 0x60,0x64 irq 12
[   12.441324] mousedev: PS/2 mouse device common for all mice
[   12.506025] input: AT Translated Set 2 keyboard as /devices/platform/i8042/serio0/input/input2
[   12.560491] rtc_cmos rtc_cmos: rtc core: registered rtc_cmos as rtc0
[   12.567405] rtc_cmos rtc_cmos: alarms up to one day, 114 bytes nvram
[   12.580604] i2c /dev entries driver
[   12.585751] device-mapper: uevent: version 1.0.3
[   12.612977] device-mapper: ioctl: 4.34.0-ioctl (2015-10-28) initialised: dm-devel@redhat.com
[   12.644228] ledtrig-cpu: registered to indicate activity on CPUs
[   12.659191] NET: Registered protocol family 10
[   12.681127] NET: Registered protocol family 17
[   12.695613] Key type dns_resolver registered
[   12.710107] microcode: CPU0 sig=0x306d4, pf=0x40, revision=0x0
[   12.746823] microcode: CPU1 sig=0x306d4, pf=0x40, revision=0x0
[   12.751073] microcode: Microcode Update Driver: v2.01 <tigran@aivazian.fsnet.co.uk>, Peter Oruba
[   12.762192] registered taskstats version 1
[   12.772208] Loading compiled-in X.509 certificates
[   12.777901] Loaded X.509 cert 'Build time autogenerated kernel key: 35105354eb779045e4d9ad793dead39d5ee93f76'
[   12.798931] zswap: loaded using pool lzo/zbud
[   12.814959] Key type trusted registered
[   12.823058] Key type encrypted registered
[   12.838555] AppArmor: AppArmor sha1 policy hashing enabled
[   12.839778] ima: No TPM chip found, activating TPM-bypass!
[   12.842567] evm: HMAC attrs: 0x1
[   12.846894]   Magic number: 9:864:92
[   12.849487]  container: hash matches
[   12.852910] rtc_cmos rtc_cmos: setting system clock to 2017-07-03 20:05:36 UTC (1499112336)
[   12.859342] BIOS EDD facility v0.16 2004-Jun-25, 0 devices found
[   12.882915] EDD information not available.
[   12.911736] Freeing unused kernel memory: 1488K (ffffffff81f45000 - ffffffff820b9000)
[   12.930890] Write protecting the kernel read-only data: 14336k
[   12.934045] Freeing unused kernel memory: 1760K (ffff880001848000 - ffff880001a00000)
[   12.953867] Freeing unused kernel memory: 112K (ffff880001de4000 - ffff880001e00000)
Loading, please wait...
[   12.972088] random: systemd-udevd: uninitialized urandom read (16 bytes read, 5 bits of entropy available)
starting version[   12.972672] random: udevadm: uninitialized urandom read (16 bytes read, 5 bits of entropy available)
 229
[   12.972721] random: udevadm: uninitialized urandom read (16 bytes read, 5 bits of entropy available)
[   12.972879] random: udevadm: uninitialized urandom read (16 bytes read, 5 bits of entropy available)
[   12.972935] random: udevadm: uninitialized urandom read (16 bytes read, 5 bits of entropy available)
[   12.972969] random: udevadm: uninitialized urandom read (16 bytes read, 5 bits of entropy available)
[   12.973003] random: udevadm: uninitialized urandom read (16 bytes read, 5 bits of entropy available)
[   12.973034] random: udevadm: uninitialized urandom read (16 bytes read, 5 bits of entropy available)
[   12.973063] random: udevadm: uninitialized urandom read (16 bytes read, 5 bits of entropy available)
[   12.973093] random: udevadm: uninitialized urandom read (16 bytes read, 5 bits of entropy available)
[   13.118096] e1000: Intel(R) PRO/1000 Network Driver - version 7.3.21-k8-NAPI
[   13.124676] e1000: Copyright (c) 1999-2006 Intel Corporation.
[   13.128195] Fusion MPT base driver 3.04.20
[   13.144773] Copyright (c) 1999-2008 LSI Corporation
[   13.154542] Fusion MPT SPI Host driver 3.04.20
[   13.177417] AVX version of gcm_enc/dec engaged.
[   13.188437] AES CTR mode by8 optimization enabled
[   13.395435] input: ImExPS/2 Generic Explorer Mouse as /devices/platform/i8042/serio1/input/input4
[   13.536336] e1000 0000:00:03.0 eth0: (PCI:33MHz:32-bit) 02:d8:e4:47:7a:33
[   13.537771] e1000 0000:00:03.0 eth0: Intel(R) PRO/1000 Network Connection
[   13.965229] e1000 0000:00:08.0 eth1: (PCI:33MHz:32-bit) 08:00:27:02:0f:8a
[   13.984581] e1000 0000:00:08.0 eth1: Intel(R) PRO/1000 Network Connection
[   14.001572] e1000 0000:00:03.0 enp0s3: renamed from eth0
[   14.053123] mptbase: ioc0: Initiating bringup
[   14.076207] e1000 0000:00:08.0 enp0s8: renamed from eth1
[   14.136688] ioc0: LSI53C1030 A0: Capabilities={Initiator}
[   14.363154] scsi host2: ioc0: LSI53C1030 A0, FwRev=00000000h, Ports=1, MaxQ=256, IRQ=20
[   14.532399] scsi 2:0:0:0: Direct-Access     VBOX     HARDDISK         1.0  PQ: 0 ANSI: 5
[   14.566444] scsi target2:0:0: Beginning Domain Validation
[   14.601185] scsi target2:0:0: Domain Validation skipping write tests
[   14.662496] scsi target2:0:0: Ending Domain Validation
[   14.712799] scsi target2:0:0: asynchronous
[   14.773445] scsi 2:0:1:0: Direct-Access     VBOX     HARDDISK         1.0  PQ: 0 ANSI: 5
[   14.800158] scsi target2:0:1: Beginning Domain Validation
[   14.814300] scsi target2:0:1: Domain Validation skipping write tests
[   14.829344] scsi target2:0:1: Ending Domain Validation
[   14.836547] scsi target2:0:1: asynchronous
[   14.871372] sd 2:0:0:0: [sda] 20971520 512-byte logical blocks: (10.7 GB/10.0 GiB)
[   14.880283] sd 2:0:0:0: Attached scsi generic sg0 type 0
[   14.881361] sd 2:0:1:0: [sdb] 20480 512-byte logical blocks: (10.5 MB/10.0 MiB)
[   14.881393] sd 2:0:1:0: Attached scsi generic sg1 type 0
[   14.881725] sd 2:0:1:0: [sdb] Write Protect is off
[   14.881912] sd 2:0:1:0: [sdb] Incomplete mode parameter data
[   14.881913] sd 2:0:1:0: [sdb] Assuming drive cache: write through
[   14.886110] sd 2:0:1:0: [sdb] Attached SCSI disk
[   14.993342] sd 2:0:0:0: [sda] Write Protect is off
[   15.017020] sd 2:0:0:0: [sda] Incomplete mode parameter data
[   15.037145] sd 2:0:0:0: [sda] Assuming drive cache: write through
[   15.057861]  sda: sda1
[   15.076045] sd 2:0:0:0: [sda] Attached SCSI disk
[   16.131996] floppy0: no floppy controllers found
Begin: Loading e[   17.680963] md: linear personality registered for level -1
ssential drivers[   17.705715] md: multipath personality registered for level -4
 ... [   17.724453] md: raid0 personality registered for level 0
[   17.735787] md: raid1 personality registered for level 1
[   17.823905] raid6: sse2x1   gen()  4369 MB/s
[   17.891909] raid6: sse2x1   xor()  4782 MB/s
[   17.963910] raid6: sse2x2   gen()  8726 MB/s
[   18.039954] raid6: sse2x2   xor()  5302 MB/s
[   18.116100] raid6: sse2x4   gen()  9055 MB/s
[   18.200088] raid6: sse2x4   xor()  7616 MB/s
[   18.201374] raid6: using algorithm sse2x4 gen() 9055 MB/s
[   18.203203] raid6: .... xor() 7616 MB/s, rmw enabled
[   18.222557] raid6: using ssse3x2 recovery algorithm
[   18.232800] xor: automatically using best checksumming function:
[   18.275980]    avx       : 22258.000 MB/sec
[   18.279727] async_tx: api initialized (async)
[   18.301058] md: raid6 personality registered for level 6
[   18.317137] md: raid5 personality registered for level 5
[   18.320505] md: raid4 personality registered for level 4
[   18.336329] md: raid10 personality registered for level 10
done.
Begin: Running /scripts/init-premount ... done.
Begin: Mounting root file system ... Begin: Running /scripts/local-top ... done.
Begin: Running /scripts/local-premount ... [   18.486359] Btrfs loaded
Scanning for Btrfs filesystems
done.
Warning: fsck no[   18.551089] EXT4-fs (sda1): INFO: recovery required on readonly filesystem
t present, so sk[   18.599419] EXT4-fs (sda1): write access will be enabled during recovery
ipping root file system
[   18.717118] EXT4-fs (sda1): orphan cleanup on readonly fs
[   18.754080] EXT4-fs (sda1): 2 orphan inodes deleted
[   18.759005] EXT4-fs (sda1): recovery complete
[   18.763791] EXT4-fs (sda1): mounted filesystem with ordered data mode. Opts: (null)
done.
Begin: Running /scripts/local-bottom ... done.
Begin: Running /scripts/init-bottom ... done.
[   18.999357] systemd[1]: systemd 229 running in system mode. (+PAM +AUDIT +SELINUX +IMA +APPARMOR +SMACK +SYSVINIT +UTMP +LIBCRYPTSETUP +GCRYPT +GNUTLS +ACL +XZ -LZ4 +SECCOMP +BLKID +ELFUTILS +KMOD -IDN)
[   19.053271] systemd[1]: Detected virtualization oracle.
[   19.101046] systemd[1]: Detected architecture x86-64.

Welcome to [1mUbuntu 16.04.2 LTS[0m!

[   19.158478] systemd[1]: Set hostname to <ubuntu-xenial>.
[   19.277819] random: nonblocking pool is initialized
[   19.430437] systemd[1]: Listening on udev Kernel Socket.
[[0;32m  OK  [0m] Listening on udev Kernel Socket.
[   19.472813] systemd[1]: Reached target Swap.
[[0;32m  OK  [0m] Reached target Swap.
[   19.500663] systemd[1]: Created slice User and Session Slice.
[[0;32m  OK  [0m] Created slice User and Session Slice.
[   19.533721] systemd[1]: Listening on Device-mapper event daemon FIFOs.
[[0;32m  OK  [0m] Listening on Device-mapper event daemon FIFOs.
[   19.561505] systemd[1]: Started Forward Password Requests to Wall Directory Watch.
[[0;32m  OK  [0m] Started Forward Password Requests to Wall Directory Watch.
[   19.602620] systemd[1]: Listening on /dev/initctl Compatibility Named Pipe.
[[0;32m  OK  [0m] Listening on /dev/initctl Compatibility Named Pipe.
[   19.656411] systemd[1]: Set up automount Arbitrary Executable File Formats File System Automount Point.
[[0;32m  OK  [0m] Set up automount Arbitrary Executab...ats File System Automount Point.
[   19.840436] systemd[1]: Listening on LVM2 metadata daemon socket.
[[0;32m  OK  [0m] Listening on LVM2 metadata daemon socket.
[   20.028334] systemd[1]: Created slice System Slice.
[[0;32m  OK  [0m] Created slice System Slice.
[   20.071563] systemd[1]: Reached target Slices.
[[0;32m  OK  [0m] Reached target Slices.
[   20.092638] systemd[1]: Created slice system-serial\x2dgetty.slice.
[[0;32m  OK  [0m] Created slice system-serial\x2dgetty.slice.
[   20.113454] systemd[1]: Listening on Journal Audit Socket.
[[0;32m  OK  [0m] Listening on Journal Audit Socket.
[   20.145152] systemd[1]: Reached target User and Group Name Lookups.
[[0;32m  OK  [0m] Reached target User and Group Name Lookups.
[   20.180478] systemd[1]: Started Trigger resolvconf update for networkd DNS.
[[0;32m  OK  [0m] Started Trigger resolvconf update for networkd DNS.
[   20.215046] systemd[1]: Listening on Journal Socket.
[[0;32m  OK  [0m] Listening on Journal Socket.
[   20.254286] systemd[1]: Starting Monitoring of LVM2 mirrors, snapshots etc. using dmeventd or progress polling...
         Starting Monitoring of LVM2 mirrors... dmeventd or progress polling...
[   20.344098] systemd[1]: Starting Uncomplicated firewall...
         Starting Uncomplicated firewall...
[   20.367519] systemd[1]: Starting Load Kernel Modules...
         Starting Load Kernel Modules...[   20.410570] Loading iSCSI transport class v2.0-870.

[   20.460119] iscsi: registered transport (tcp)
[   20.460462] systemd[1]: Starting Remount Root and Kernel File Systems...
[   20.473752] EXT4-fs (sda1): re-mounted. Opts: (null)
         Starting Remount Root and Kernel File Systems...[   20.533165] iscsi: registered transport (iser)

[   20.568647] systemd[1]: Starting Create list of required static device nodes for the current kernel...
         Starting Create list of required st... nodes for the current kernel...
[   20.670674] systemd[1]: Starting Nameserver information manager...
         Starting Nameserver information manager...
[   20.756385] systemd[1]: Mounting POSIX Message Queue File System...
         Mounting POSIX Message Queue File System...
[   20.828545] systemd[1]: Mounting Debug File System...
         Mounting Debug File System...
[   20.853519] systemd[1]: Starting Set console keymap...
         Starting Set console keymap...
[   20.904713] systemd[1]: Mounting Huge Pages File System...
         Mounting Huge Pages File System...
[   20.940288] systemd[1]: Listening on Syslog Socket.
[[0;32m  OK  [0m] Listening on Syslog Socket.
[   20.957616] systemd[1]: Reached target Encrypted Volumes.
[[0;32m  OK  [0m] Reached target Encrypted Volumes.
[   21.040329] systemd[1]: Listening on udev Control Socket.
[[0;32m  OK  [0m] Listening on udev Control Socket.
[   21.144347] systemd[1]: Listening on LVM2 poll daemon socket.
[[0;32m  OK  [0m] Listening on LVM2 poll daemon socket.
[   21.320401] systemd[1]: Listening on Journal Socket (/dev/log).
[[0;32m  OK  [0m] Listening on Journal Socket (/dev/log).
[   21.408060] systemd[1]: Starting Journal Service...
         Starting Journal Service...
[   21.480194] systemd[1]: Mounted Debug File System.
[[0;32m  OK  [0m] Mounted Debug File System.
[   21.586416] systemd[1]: Mounted Huge Pages File System.
[[0;32m  OK  [0m] Mounted Huge Pages File System.
[   21.664711] systemd[1]: Mounted POSIX Message Queue File System.
[[0;32m  OK  [0m] Mounted POSIX Message Queue File System.
[   21.691337] systemd[1]: Started Journal Service.
[[0;32m  OK  [0m] Started Journal Service.
[[0;32m  OK  [0m] Started Uncomplicated firewall.
[[0;32m  OK  [0m] Started Load Kernel Modules.
[[0;32m  OK  [0m] Started Remount Root and Kernel File Systems.
[[0;32m  OK  [0m] Started Create list of required sta...ce nodes for the current kernel.
[[0;32m  OK  [0m] Started Set console keymap.
[[0;32m  OK  [0m] Started Nameserver information manager.
[[0;32m  OK  [0m] Started LVM2 metadata daemon.
         Starting Create Static Device Nodes in /dev...
         Starting udev Coldplug all Devices...
         Starting Initial cloud-init job (pre-networking)...
         Starting Load/Save Random Seed...
         Starting Apply Kernel Variables...
         Mounting FUSE Control File System...
         Starting Flush Journal to Persistent Storage...
[[0;32m  OK  [0m] Mounted FUSE Control File System.
[[0;32m  OK  [0m] Started Monitoring of LVM2 mirrors,...ng dmeventd or progress polling.
[[0;32m  OK  [0m] Started Create Static Device Nodes in /dev.
[[0;32m  OK  [0m] Started Load/Save Random Seed.
[[0;32m  OK  [0m] Started Apply Kernel Variables.
[[0;32m  OK  [0m] Started udev Coldplug all Devices.
[[0;32m  OK  [0m] Started Flush Journal to Persistent Storage.
         Starting udev Kernel Device Manager...
[[0;32m  OK  [0m] Started udev Kernel Device Manager.
[[0;32m  OK  [0m] Started Dispatch Password Requests to Console Directory Watch.
[[0;32m  OK  [0m] Reached target Local File Systems (Pre).
[[0;32m  OK  [0m] Reached target Local File Systems.
         Starting LSB: AppArmor initialization...
         Starting Set console font and keymap...
         Starting Tell Plymouth To Write Out Runtime Data...
         Starting Create Volatile Files and Directories...
[[0;32m  OK  [0m] Started Tell Plymouth To Write Out Runtime Data.
[[0;32m  OK  [0m] Started Create Volatile Files and Directories.
[[0;32m  OK  [0m] Found device /dev/ttyS0.
[[0;32m  OK  [0m] Started LSB: AppArmor initialization.
         Starting Update UTMP about System Boot/Shutdown...
[[0;32m  OK  [0m] Reached target System Time Synchronized.
[[0;32m  OK  [0m] Started Update UTMP about System Boot/Shutdown.
[[0;32m  OK  [0m] Started Set console font and keymap.
[[0;32m  OK  [0m] Listening on Load/Save RF Kill Switch Status /dev/rfkill Watch.
[   14.839923] cloud-init[456]: Cloud-init v. 0.7.9 running 'init-local' at Mon, 03 Jul 2017 20:05:46 +0000. Up 14.49 seconds.
[[0;32m  OK  [0m] Created slice system-getty.slice.
[[0;32m  OK  [0m] Found device 82540EM Gigabit Ethern...r (PRO/1000 MT Desktop Adapter).
[[0;32m  OK  [0m] Started Initial cloud-init job (pre-networking).
[[0;32m  OK  [0m] Found device 82540EM Gigabit Ethern...r (PRO/1000 MT Desktop Adapter).
[[0;32m  OK  [0m] Reached target Network (Pre).
[[0;32m  OK  [0m] Started ifup for enp0s8.
[[0;32m  OK  [0m] Started ifup for enp0s3.
         Starting Raise network interfaces...
[[0;32m  OK  [0m] Started Raise network interfaces.
[[0;32m  OK  [0m] Reached target Network.
         Starting Initial cloud-init job (metadata service crawler)...
[   18.460985] cloud-init[1062]: Cloud-init v. 0.7.9 running 'init' at Mon, 03 Jul 2017 20:05:50 +0000. Up 17.72 seconds.
[   18.536470] cloud-init[1062]: ci-info: +++++++++++++++++++++++++++++++++++++Net device info++++++++++++++++++++++++++++++++++++++
[   18.616630] cloud-init[1062]: ci-info: +--------+------+----------------------------+---------------+-------+-------------------+
[[0;32m  OK  [0m] Started Initial cloud-init job (metadata service crawler).
[   18.703828] [cloud-init[0;32m  OK  [0m[1062]: ] ci-info: | Device |  Up  |          Address           |      Mask     | Scope |     Hw-Address    |Reached target Network is Online.

[   18.730824] cloud-init[1062]: ci-info: +--------+------+----------------------------+---------------+-------+-------------------+
[   18.928767]          cloud-initStarting iSCSI initiator daemon (iscsid)...[1062]: 
ci-info: | enp0s8 | True |       192.168.50.23        | 255.255.255.0 |   .   | 08:00:27:02:0f:8a |
[[0;32m  OK  [0m] Reached target System Initialization.
[   19.124722] cloud-init[1062]: ci-info: | enp0s8 | True | fe80::a00:27ff:fe02:f8a/64 |       .       |  link | 08:00:27:02:0f:8a |
[[0;32m  OK  [0m] Listening on ACPID Listen Socket.
[   19.189689] cloud-init[1062]: ci-info: | enp0s3 | True |         10.0.2.15          | 255.255.255.0 |   .   | 02:d8:e4:47:7a:33 |
[   19.512672]          cloud-initStarting LXD - unix socket.[1062]: 
ci-info: | enp0s3 | True | fe80::d8:e4ff:fe47:7a33/64 |       .       |  link | 02:d8:e4:47:7a:33 |
[   19.597204] [cloud-init[0;32m  OK  [0m[1062]: ] ci-info: |   lo   | True |         127.0.0.1          |   255.0.0.0   |   .   |         .         |Started Daily Cleanup of Temporary Directories.

[   19.691193] [cloud-init[0;32m  OK  [0m[1062]: ] ci-info: |   lo   | True |          ::1/128           |       .       |  host |         .         |Listening on UUID daemon activation socket.

[[0;32m  OK  [0m] Started Timer to automatically refresh installed snaps.
[[0;32m  OK  [0m] Started Daily apt activities.
[[0;32m  OK  [0m] Reached target Timers.
[   19.692288] cloud-init[1062]: ci-info: +--------+------+----------------------------+---------------+-------+-------------------+
[   19.972585]          cloud-initStarting Socket activation for snappy daemon.[1062]: 
ci-info: ++++++++++++++++++++++++++++Route IPv4 info++++++++++++++++++++++++++++
[   20.085862] [[0;32m  OK  [0m] Listening on D-Bus System Message Bus Socket.
cloud-init[1062]: ci-info: +-------+--------------+----------+---------------+-----------+-------+
[   20.149479] cloud-init[1062]: ci-info: | Route | Destination  | Gateway  |    Genmask    | Interface | Flags |
[[0;32m  OK  [0m] Started ACPI Events Check.
[   20.155306] [cloud-init[0;32m  OK  [0m[1062]: ] ci-info: +-------+--------------+----------+---------------+-----------+-------+Reached target Paths.

[   20.238537] [cloud-init[0;32m  OK  [0m] Reached target Cloud-config availability.
[1062]: ci-info: |   0   |   0.0.0.0    | 10.0.2.2 |    0.0.0.0    |   enp0s3  |   UG  |
[   20.370088] [cloud-init[0;32m  OK  [0m[1062]: ] ci-info: |   1   |   10.0.2.0   | 0.0.0.0  | 255.255.255.0 |   enp0s3  |   U   |Listening on LXD - unix socket.

[   20.370744] [[0;32m  OK  [0m] Listening on Socket activation for snappy daemon.
cloud-init[1062]: ci-info: |   2   | 192.168.50.0 | 0.0.0.0  | 255.255.255.0 |   enp0s8  |   U   |
[[0;32m  OK  [0m] Started iSCSI initiator daemon (iscsid).
[   20.406436] cloud-init[1062]: ci-info: +-------+--------------+----------+---------------+-----------+-------+
         Starting Login to default iSCSI targets...
[[0;32m  OK  [0m] Reached target Sockets.
[[0;32m  OK  [0m] Reached target Basic System.
[[0;32m  OK  [0m] Started System-wide CouchDB instance.
         Starting System Logging Service...
[[0;32m  OK  [0m] Started Unattended Upgrades Shutdown.
[[0;32m  OK  [0m] Started Regular background program processing daemon.
[[0;32m  OK  [0m] Started D-Bus System Message Bus.
         Starting /etc/rc.local Compatibility...
         Starting LSB: Record successful boot for GRUB...
         Starting LSB: MD monitoring daemon...
         Starting Login Service...
         Starting Apply the settings specified in cloud-config...
         Starting Accounts Service...
[[0;32m  OK  [0m] Started ACPI event daemon.
[[0;32m  OK  [0m] Started FUSE filesystem for LXC.
         Starting LXD - container startup/shutdown...
[[0;32m  OK  [0m] Started Deferred execution scheduler.
[[0;32m  OK  [0m] Started Snappy daemon.
         Starting Auto import assertions from block devices...
         Starting OpenBSD Secure Shell server...
[[0;32m  OK  [0m] Started System Logging Service.
[[0;32m  OK  [0m] Started /etc/rc.local Compatibility.
[[0;32m  OK  [0m] Started Auto import assertions from block devices.
[[0;32m  OK  [0m] Started OpenBSD Secure Shell server.
[[0;32m  OK  [0m] Started LXD - container startup/shutdown.
[[0;32m  OK  [0m] Started LSB: Record successful boot for GRUB.
[[0;32m  OK  [0m] Started Login to default iSCSI targets.
[[0;32m  OK  [0m] Started LSB: MD monitoring daemon.
[[0;32m  OK  [0m] Started Login Service.
         Starting Authenticate and Authorize Users to Run Privileged Tasks...
[[0;32m  OK  [0m] Reached target Remote File Systems (Pre).
[[0;32m  OK  [0m] Reached target Remote File Systems.
         Starting LSB: Set the CPU Frequency Scaling governor to "ondemand"...
         Starting Permit User Sessions...
         Starting LSB: automatic crash report generation...
         Starting LSB: daemon to balance interrupts for SMP systems...
         Starting LSB: VirtualBox Linux Additions...
[[0;32m  OK  [0m] Started Permit User Sessions.
[[0;32m  OK  [0m] Started Authenticate and Authorize Users to Run Privileged Tasks.
[[0;32m  OK  [0m] Started Accounts Service.
[[0;32m  OK  [0m] Started LSB: Set the CPU Frequency Scaling governor to "ondemand".
[[0;32m  OK  [0m] Created slice User Slice of ubuntu.
         Starting User Manager for UID 1000...
[[0;32m  OK  [0m] Started Session 1 of user ubuntu.
         Starting Terminate Plymouth Boot Screen...
         Starting Hold until boot process finishes up...
[[0;32m  OK  [0m] Started User Manager for UID 1000.
[[0;32m  OK  [0m] Started LSB: automatic crash report generation.
[[0;32m  OK  [0m] Started LSB: daemon to balance interrupts for SMP systems.
[[0;32m  OK  [0m] Started LSB: VirtualBox Linux Additions.
[[0;32m  OK  [0m] Started Terminate Plymouth Boot Screen.
[[0;32m  OK  [0m] Started Hold until boot process finishes up.
[   22.737592] cloud-init[1165]: Cloud-init v. 0.7.9 running 'modules:config' at Mon, 03 Jul 2017 20:05:56 +0000. Up 22.61 seconds.
[[0;32m  OK  [0m] Started Apply the settings specified in cloud-config.
         Starting Set console scheme...
[[0;32m  OK  [0m] Started Getty on tty1.
[[0;32m  OK  [0m] Started Serial Getty on ttyS0.
[[0;32m  OK  [0m] Reached target Login Prompts.
[[0;32m  OK  [0m] Reached target Multi-User System.
         Starting Execute cloud user/final scripts...
[[0;32m  OK  [0m] Reached target Graphical Interface.
         Starting Update UTMP about System Runlevel Changes...
[[0;32m  OK  [0m] Started Set console scheme.
[[0;32m  OK  [0m] Started Update UTMP about System Runlevel Changes.
[   23.753677] cloud-init[1327]: Cloud-init v. 0.7.9 running 'modules:final' at Mon, 03 Jul 2017 20:05:57 +0000. Up 23.48 seconds.
[   23.817519] cloud-init[1327]: Cloud-init v. 0.7.9 finished at Mon, 03 Jul 2017 20:05:57 +0000. Datasource DataSourceNoCloud [seed=/dev/sdb][dsmode=net].  Up 23.73 seconds
[[0;32m  OK  [0m] Started Execute cloud user/final scripts.
[[0;32m  OK  [0m] Reached target Cloud-init target.

Ubuntu 16.04.2 LTS ubuntu-xenial ttyS0

ubuntu-xenial login: 